Exporter version: 5.6.2, Blender version: 2.79 (sub 0)
========= Conversion from Blender to Babylon.js =========
	Scene settings used:
		selected layers only:  false
		inline textures:  false
		Positions Precision :  4
		Normals Precision   :  3
		UVs Precision       :  3
		Vert Color Precision:  3
		Mat Weight Precision:  2
		texture directory:  C:\Users\kek\Documents\bingus\cg\finproj\enemy\
	Python World class constructor completed
	processing begun of mesh:  Object06
		processing begun of Standard material:  Material_2
			Diffuse texture found "Texture.001"
				Image texture found, type:  diffuseTexture, mapped using: "Object06-mesh-map-channel1"
		processing begun of Standard material:  Material_1
			Diffuse texture found "Texture"
				Image texture found, type:  diffuseTexture, mapped using: "Object06-mesh-map-channel1"
		processing begun of multimaterial:  iblis.Multimaterial#0
		num positions      :  1331
		num normals        :  1331
		num uvs            :  2662
		num uvs2           :  2662
		num colors         :  0
		num indices        :  4326
	processing begun of camera (UniversalCamera):  Camera
	processing begun of light (POINT):  Lamp
========= Writing of scene file started =========
========= Writing of scene file completed =========
========= end of processing =========
elapsed time:  0 min, 0.7772 secs
